 * Serving Flask app 'app'
 * Debug mode: on
 * Serving Flask app 'app'
 * Debug mode: on
 * Serving Flask app 'app'
 * Debug mode: on
 * Serving Flask app 'app'
 * Debug mode: on
Número de teléfono extraído: 573046692933
Mensaje enviado con éxito: {'messaging_product': 'whatsapp', 'contacts': [{'input': '573046692933', 'wa_id': '573046692933'}], 'messages': [{'id': 'wamid.HBgMNTczMDQ2NjkyOTMzFQIAERgSOEM1QjFDRTQyRUExN0Y0MDlEAA=='}]}
Número de teléfono extraído: 573046692933
Número de teléfono extraído: 573046692933
Mensaje opcion enviado correctamente: {'messaging_product': 'whatsapp', 'contacts': [{'input': '573046692933', 'wa_id': '573046692933'}], 'messages': [{'id': 'wamid.HBgMNTczMDQ2NjkyOTMzFQIAERgSRjMwQTk4RUMwOUZEM0EyNEJBAA=='}]}
Número de teléfono extraído: 573115118989
Número de teléfono extraído: 573115118989
Número de teléfono extraído: 573115118989
Número de teléfono extraído: 573115118989
Número de teléfono extraído: 573046692933
Mensaje opcion enviado correctamente: {'messaging_product': 'whatsapp', 'contacts': [{'input': '573046692933', 'wa_id': '573046692933'}], 'messages': [{'id': 'wamid.HBgMNTczMDQ2NjkyOTMzFQIAERgSM0VEMEY3Qjg1RURFM0YyRkYwAA=='}]}
Número de teléfono extraído: 573115118989
Número de teléfono extraído: 573115118989
Número de teléfono extraído: 573115118989
Número de teléfono extraído: 573115118989
Número de teléfono extraído: 573046692933
Mensaje enviado con éxito: {'messaging_product': 'whatsapp', 'contacts': [{'input': '573046692933', 'wa_id': '573046692933'}], 'messages': [{'id': 'wamid.HBgMNTczMDQ2NjkyOTMzFQIAERgSMUNFNzdBNDJFRjQ4MTVGNEZEAA=='}]}
Número de teléfono extraído: 573046692933
Número de teléfono extraído: 573046692933
Número de teléfono extraído: 573046692933
Número de teléfono extraído: 573046692933
Mensaje opcion enviado correctamente: {'messaging_product': 'whatsapp', 'contacts': [{'input': '573046692933', 'wa_id': '573046692933'}], 'messages': [{'id': 'wamid.HBgMNTczMDQ2NjkyOTMzFQIAERgSODA3MkRBODdGNTAxMUMwNTM1AA=='}]}
Número de teléfono extraído: 573046692933
Mensaje enviado con éxito: {'messaging_product': 'whatsapp', 'contacts': [{'input': '573046692933', 'wa_id': '573046692933'}], 'messages': [{'id': 'wamid.HBgMNTczMDQ2NjkyOTMzFQIAERgSQUMxMjUyRTNFRTU2MURFRkNEAA=='}]}
Número de teléfono extraído: 573046692933
Mensaje opcion enviado correctamente: {'messaging_product': 'whatsapp', 'contacts': [{'input': '573046692933', 'wa_id': '573046692933'}], 'messages': [{'id': 'wamid.HBgMNTczMDQ2NjkyOTMzFQIAERgSNjc2QUYxNzRBMEVCNDUxNTkyAA=='}]}
Número de teléfono extraído: 573046692933
Mensaje opcion enviado correctamente: {'messaging_product': 'whatsapp', 'contacts': [{'input': '573046692933', 'wa_id': '573046692933'}], 'messages': [{'id': 'wamid.HBgMNTczMDQ2NjkyOTMzFQIAERgSRjczQTZCRDNDRTQ0MUY5NDhBAA=='}]}
Número de teléfono extraído: 573046692933
Número de teléfono extraído: 573115118989
Número de teléfono extraído: 573115118989
Número de teléfono extraído: 573115118989
Número de teléfono extraído: 573046692933
Número de teléfono extraído: 573115118989
Número de teléfono extraído: 573115118989
Mensaje enviado con éxito: {'messaging_product': 'whatsapp', 'contacts': [{'input': '573115118989', 'wa_id': '573115118989'}], 'messages': [{'id': 'wamid.HBgMNTczMTE1MTE4OTg5FQIAERgSODFCMEQxNzA4NjY5NkYxNzVBAA=='}]}
Número de teléfono extraído: 573115118989
Número de teléfono extraído: 573115118989
Número de teléfono extraído: 573115118989
Número de teléfono extraído: 573115118989
Número de teléfono extraído: 573115118989
Número de teléfono extraído: 573115118989
Número de teléfono extraído: 573115118989
Número de teléfono extraído: 573115118989
Número de teléfono extraído: 573115118989
Número de teléfono extraído: 573046692933
Mensaje opcion enviado correctamente: {'messaging_product': 'whatsapp', 'contacts': [{'input': '573046692933', 'wa_id': '573046692933'}], 'messages': [{'id': 'wamid.HBgMNTczMDQ2NjkyOTMzFQIAERgSODFFNkYwNDZCMENFRTQ2NjAwAA=='}]}
Número de teléfono extraído: 573115118989
Número de teléfono extraído: 573115118989
Número de teléfono extraído: 573115118989
Número de teléfono extraído: 573115118989
Número de teléfono extraído: 573115118989
Número de teléfono extraído: 573115118989
Número de teléfono extraído: 573115118989
Número de teléfono extraído: 573115118989
Número de teléfono extraído: 573115118989
Número de teléfono extraído: 573115118989
Número de teléfono extraído: 573115118989
Número de teléfono extraído: 573115118989
Número de teléfono extraído: 573115118989
Número de teléfono extraído: 573115118989
Número de teléfono extraído: 573115118989
Número de teléfono extraído: 573115118989
Número de teléfono extraído: 573115118989
Número de teléfono extraído: 573115118989
Número de teléfono extraído: 573115118989
Número de teléfono extraído: 573115118989
Número de teléfono extraído: 573115118989
Número de teléfono extraído: 573115118989
Número de teléfono extraído: 573115118989
Número de teléfono extraído: 573115118989
Número de teléfono extraído: 573115118989
Número de teléfono extraído: 573115118989
Número de teléfono extraído: 573046692933
Número de teléfono extraído: 573046692933
Número de teléfono extraído: 573046692933
Número de teléfono extraído: 573046692933
Número de teléfono extraído: 573046692933
Número de teléfono extraído: 573046692933
Número de teléfono extraído: 573046692933
Número de teléfono extraído: 573046692933
Número de teléfono extraído: 573046692933
Número de teléfono extraído: 573046692933
Número de teléfono extraído: 573115118989
Número de teléfono extraído: 573046692933
Número de teléfono extraído: 573046692933
Número de teléfono extraído: 573046692933
Número de teléfono extraído: 573046692933
Número de teléfono extraído: 573046692933
Número de teléfono extraído: 573046692933
Número de teléfono extraído: 573115118989
Número de teléfono extraído: 573115118989
Número de teléfono extraído: 573115118989
Número de teléfono extraído: 573115118989
Número de teléfono extraído: 573115118989
Número de teléfono extraído: 573046692933
Número de teléfono extraído: 573046692933
Número de teléfono extraído: 573046692933
Número de teléfono extraído: 573046692933
Número de teléfono extraído: 573046692933
Número de teléfono extraído: 573046692933
Número de teléfono extraído: 573046692933
Número de teléfono extraído: 573046692933
Número de teléfono extraído: 573046692933
Número de teléfono extraído: 573046692933
Número de teléfono extraído: 573046692933
Número de teléfono extraído: 573046692933
Número de teléfono extraído: 573046692933
Número de teléfono extraído: 573046692933
Número de teléfono extraído: 573046692933
Número de teléfono extraído: 573046692933
Número de teléfono extraído: 573046692933
Número de teléfono extraído: 573046692933
Número de teléfono extraído: 573046692933
Número de teléfono extraído: 573046692933
Número de teléfono extraído: 573046692933
Número de teléfono extraído: 573046692933
Número de teléfono extraído: 573046692933
Número de teléfono extraído: 573046692933
Número de teléfono extraído: 573046692933
Número de teléfono extraído: 573046692933
Número de teléfono extraído: 573046692933
Número de teléfono extraído: 573046692933
Número de teléfono extraído: 573046692933
Número de teléfono extraído: 573046692933
Número de teléfono extraído: 573046692933
Número de teléfono extraído: 573046692933
Número de teléfono extraído: 573046692933
Número de teléfono extraído: 573046692933
Número de teléfono extraído: 573046692933
Número de teléfono extraído: 573046692933
Número de teléfono extraído: 573046692933
Número de teléfono extraído: 573046692933
Número de teléfono extraído: 573046692933
Número de teléfono extraído: 573046692933
Número de teléfono extraído: 573046692933
Número de teléfono extraído: 573046692933
Número de teléfono extraído: 573046692933
Número de teléfono extraído: 573046692933
Número de teléfono extraído: 573046692933
Número de teléfono extraído: 573046692933
Número de teléfono extraído: 573046692933
 * Serving Flask app 'app'
 * Debug mode: on
 * Serving Flask app 'app'
 * Debug mode: on
Número de teléfono extraído: 573046692933
Número de teléfono extraído: 573046692933
Mensaje opcion enviado correctamente: {'messaging_product': 'whatsapp', 'contacts': [{'input': '573046692933', 'wa_id': '573046692933'}], 'messages': [{'id': 'wamid.HBgMNTczMDQ2NjkyOTMzFQIAERgSRDE4NjFGRTI2NDQ2NkE5OTM3AA=='}]}
Número de teléfono extraído: 573046692933
Mensaje enviado con éxito: {'messaging_product': 'whatsapp', 'contacts': [{'input': '573046692933', 'wa_id': '573046692933'}], 'messages': [{'id': 'wamid.HBgMNTczMDQ2NjkyOTMzFQIAERgSQTNGRkVFMjIyMDU2NjY1ODg2AA=='}]}
Número de teléfono extraído: 573046692933
Mensaje opcion enviado correctamente: {'messaging_product': 'whatsapp', 'contacts': [{'input': '573046692933', 'wa_id': '573046692933'}], 'messages': [{'id': 'wamid.HBgMNTczMDQ2NjkyOTMzFQIAERgSQTcxRjE2RUQxMzk2ODBCNTJEAA=='}]}
Número de teléfono extraído: 573046692933
Mensaje opcion enviado correctamente: {'messaging_product': 'whatsapp', 'contacts': [{'input': '573046692933', 'wa_id': '573046692933'}], 'messages': [{'id': 'wamid.HBgMNTczMDQ2NjkyOTMzFQIAERgSNkNCRUQxN0QxRENBRjZDNzM4AA=='}]}
Número de teléfono extraído: 573046692933
Mensaje enviado con éxito: {'messaging_product': 'whatsapp', 'contacts': [{'input': '573046692933', 'wa_id': '573046692933'}], 'messages': [{'id': 'wamid.HBgMNTczMDQ2NjkyOTMzFQIAERgSNjNFQzlBRjUwQkI4QjBDOEE0AA=='}]}
Número de teléfono extraído: 573046692933
Mensaje opcion enviado correctamente: {'messaging_product': 'whatsapp', 'contacts': [{'input': '573046692933', 'wa_id': '573046692933'}], 'messages': [{'id': 'wamid.HBgMNTczMDQ2NjkyOTMzFQIAERgSQjI3MzdGRDExRjc5OTREMTFDAA=='}]}
Número de teléfono extraído: 573046692933
Mensaje enviado con éxito: {'messaging_product': 'whatsapp', 'contacts': [{'input': '573046692933', 'wa_id': '573046692933'}], 'messages': [{'id': 'wamid.HBgMNTczMDQ2NjkyOTMzFQIAERgSMjRFRkVFMjk0NzVGNjMwQ0E3AA=='}]}
Número de teléfono extraído: 573046692933
Mensaje opcion enviado correctamente: {'messaging_product': 'whatsapp', 'contacts': [{'input': '573046692933', 'wa_id': '573046692933'}], 'messages': [{'id': 'wamid.HBgMNTczMDQ2NjkyOTMzFQIAERgSRUFENzkwOTI5NzcxRDM0NjFBAA=='}]}
Número de teléfono extraído: 573046692933
Mensaje enviado con éxito: {'messaging_product': 'whatsapp', 'contacts': [{'input': '573046692933', 'wa_id': '573046692933'}], 'messages': [{'id': 'wamid.HBgMNTczMDQ2NjkyOTMzFQIAERgSRjU5Q0MzQUUwM0FCQTgzNDA0AA=='}]}
Número de teléfono extraído: 573046692933
Mensaje opcion enviado correctamente: {'messaging_product': 'whatsapp', 'contacts': [{'input': '573046692933', 'wa_id': '573046692933'}], 'messages': [{'id': 'wamid.HBgMNTczMDQ2NjkyOTMzFQIAERgSMDg3N0U2N0JENjRGRDgxNUQ2AA=='}]}
Número de teléfono extraído: 573046692933
Mensaje enviado con éxito: {'messaging_product': 'whatsapp', 'contacts': [{'input': '573046692933', 'wa_id': '573046692933'}], 'messages': [{'id': 'wamid.HBgMNTczMDQ2NjkyOTMzFQIAERgSRTZGNEY3QTc4RjVDMzU5NUNBAA=='}]}
Número de teléfono extraído: 573046692933
Mensaje opcion enviado correctamente: {'messaging_product': 'whatsapp', 'contacts': [{'input': '573046692933', 'wa_id': '573046692933'}], 'messages': [{'id': 'wamid.HBgMNTczMDQ2NjkyOTMzFQIAERgSMkE5NDQwQUM4RDg3NUZEQTI2AA=='}]}
Número de teléfono extraído: 573046692933
Mensaje enviado con éxito: {'messaging_product': 'whatsapp', 'contacts': [{'input': '573046692933', 'wa_id': '573046692933'}], 'messages': [{'id': 'wamid.HBgMNTczMDQ2NjkyOTMzFQIAERgSNEFBRTg5MEVBQ0E0MjU3MjVFAA=='}]}
Número de teléfono extraído: 573046692933
Número de teléfono extraído: 573046692933
Número de teléfono extraído: 573046692933
Número de teléfono extraído: 573046692933
Número de teléfono extraído: 573046692933
Número de teléfono extraído: 573046692933
Número de teléfono extraído: 573046692933
Número de teléfono extraído: 573046692933
Número de teléfono extraído: 573046692933
Número de teléfono extraído: 573046692933
Número de teléfono extraído: 573046692933
Número de teléfono extraído: 573046692933
Número de teléfono extraído: 573046692933
Número de teléfono extraído: 573046692933
Número de teléfono extraído: 573046692933
Número de teléfono extraído: 573046692933
Número de teléfono extraído: 573046692933
Número de teléfono extraído: 573046692933
Número de teléfono extraído: 573046692933
Número de teléfono extraído: 573046692933
Número de teléfono extraído: 573046692933
Número de teléfono extraído: 573046692933
Número de teléfono extraído: 573046692933
Número de teléfono extraído: 573046692933
Número de teléfono extraído: 573046692933
Número de teléfono extraído: 573046692933
Número de teléfono extraído: 573046692933
Número de teléfono extraído: 573046692933
Número de teléfono extraído: 573046692933
Número de teléfono extraído: 573046692933
Número de teléfono extraído: 573046692933
Número de teléfono extraído: 573046692933
Número de teléfono extraído: 573046692933
Número de teléfono extraído: 573046692933
Número de teléfono extraído: 573046692933
Número de teléfono extraído: 573046692933
Número de teléfono extraído: 573046692933
Número de teléfono extraído: 573046692933
Número de teléfono extraído: 573046692933
Número de teléfono extraído: 573046692933
Número de teléfono extraído: 573046692933
Número de teléfono extraído: 573046692933
Número de teléfono extraído: 573046692933
Número de teléfono extraído: 573046692933
Número de teléfono extraído: 573046692933
Número de teléfono extraído: 573046692933
Número de teléfono extraído: 573046692933
Número de teléfono extraído: 573046692933
Número de teléfono extraído: 573046692933
Número de teléfono extraído: 573046692933
Número de teléfono extraído: 573046692933
Número de teléfono extraído: 573046692933
Número de teléfono extraído: 573046692933
Número de teléfono extraído: 573046692933
Número de teléfono extraído: 573046692933
Número de teléfono extraído: 573046692933
Número de teléfono extraído: 573046692933
Número de teléfono extraído: 573046692933
Número de teléfono extraído: 573046692933
Número de teléfono extraído: 573046692933
Número de teléfono extraído: 573046692933
Número de teléfono extraído: 573046692933
Número de teléfono extraído: 573046692933
Número de teléfono extraído: 573046692933
Número de teléfono extraído: 573046692933
Número de teléfono extraído: 573046692933
Número de teléfono extraído: 573046692933
Número de teléfono extraído: 573046692933
Número de teléfono extraído: 573046692933
Número de teléfono extraído: 573046692933
Número de teléfono extraído: 573046692933
Número de teléfono extraído: 573046692933
Número de teléfono extraído: 573046692933
Número de teléfono extraído: 573046692933
Número de teléfono extraído: 573046692933
Número de teléfono extraído: 573046692933
Número de teléfono extraído: 573046692933
Número de teléfono extraído: 573046692933
Número de teléfono extraído: 573046692933
Número de teléfono extraído: 573046692933
Número de teléfono extraído: 573046692933
Número de teléfono extraído: 573046692933
Número de teléfono extraído: 573046692933
Número de teléfono extraído: 573046692933
Número de teléfono extraído: 573046692933
Número de teléfono extraído: 573046692933
Número de teléfono extraído: 573046692933
Número de teléfono extraído: 573046692933
Número de teléfono extraído: 573046692933
Número de teléfono extraído: 573046692933
Número de teléfono extraído: 573046692933
Número de teléfono extraído: 573046692933
Número de teléfono extraído: 573046692933
Número de teléfono extraído: 573046692933
Número de teléfono extraído: 573046692933
Número de teléfono extraído: 573046692933
Número de teléfono extraído: 573046692933
Número de teléfono extraído: 573046692933
Número de teléfono extraído: 573046692933
Número de teléfono extraído: 573046692933
Número de teléfono extraído: 573046692933
Número de teléfono extraído: 573046692933
Número de teléfono extraído: 573046692933
Número de teléfono extraído: 573046692933
 * Serving Flask app 'app'
 * Debug mode: on
